<?xml version="1.0" encoding="utf-8"?><testsuites name="pytest tests"><testsuite name="pytest" errors="0" failures="0" skipped="0" tests="6" time="5.800" timestamp="2026-09-14T10:37:31.002127+00:00" hostname="agent-env-8cd637b0-1c5f-4702-8c5a-58f3d4886bf9"><testcase classname="tests.test_regression_iter4" name="test_quick_mixed_categorization" time="0.474" /><testcase classname="tests.test_regression_iter4" name="test_email_pass_combo_parsed" time="0.369" /><testcase classname="tests.test_regression_iter4" name="test_clear_all_history" time="0.873" /><testcase classname="tests.test_regression_iter4" name="test_history_isolation" time="0.725" /><testcase classname="tests.test_regression_iter4" name="test_jobs_isolation_and_download_client_id" time="1.876" /><testcase classname="tests.test_regression_iter4" name="test_proxy_isolation_direct_and_bogus" time="0.970" /></testsuite></testsuites>