<?xml version="1.0" encoding="utf-8"?><testsuites name="pytest tests"><testsuite name="pytest" errors="0" failures="0" skipped="0" tests="12" time="12.984" timestamp="2026-09-14T10:37:43.389331+00:00" hostname="agent-env-8cd637b0-1c5f-4702-8c5a-58f3d4886bf9"><testcase classname="tests.test_typo_fix" name="test_typo_gmial_is_invalid" time="0.369" /><testcase classname="tests.test_bulk" name="test_pause_resume_mx_only" time="6.805" /><testcase classname="tests.test_typo_fix" name="test_other_typo_domains_invalid" time="0.291" /><testcase classname="tests.test_typo_fix" name="test_correct_domain_still_deliverable" time="0.279" /><testcase classname="tests.test_typo_fix" name="test_regression_invalid_categories" time="0.552" /><testcase classname="tests.test_typo_fix" name="test_client_isolation" time="0.825" /><testcase classname="tests.test_bulk" name="test_cancel_job" time="2.711" /><testcase classname="tests.test_bulk" name="test_download_csv_categories" time="0.717" /><testcase classname="tests.test_bulk" name="test_delete_job_removes_from_list" time="0.511" /><testcase classname="tests.test_bulk" name="test_proxy_crud" time="0.524" /><testcase classname="tests.test_bulk" name="test_direct_smtp_probe" time="0.218" /><testcase classname="tests.test_bulk" name="test_bogus_proxy_fails" time="0.981" /></testsuite></testsuites>