<?xml version="1.0" encoding="utf-8"?><testsuites name="pytest tests"><testsuite name="pytest" errors="0" failures="1" skipped="0" tests="30" time="16.753" timestamp="2026-09-14T14:29:02.230818+00:00" hostname="agent-env-8cd637b0-1c5f-4702-8c5a-58f3d4886bf9"><testcase classname="tests.test_validator" name="test_root" time="0.290" /><testcase classname="tests.test_bulk" name="test_quick_validate_still_works" time="0.193" /><testcase classname="tests.test_bulk" name="test_bulk_small_smtp_completes" time="1.148" /><testcase classname="tests.test_validator" name="test_validate_mixed_categorization" time="0.674"><failure message="AssertionError: assert 'mailbox_not_found' == 'deliverable'&#10;  &#10;  - deliverable&#10;  + mailbox_not_found">backend/tests/test_validator.py:47: in test_validate_mixed_categorization
    assert by_email["john.doe@gmail.com"]["status"] == "deliverable"
E   AssertionError: assert 'mailbox_not_found' == 'deliverable'
E     
E     - deliverable
E     + mailbox_not_found</failure></testcase><testcase classname="tests.test_validator" name="test_validate_empty_list" time="0.289" /><testcase classname="tests.test_validator" name="test_validate_only_blank_lines" time="0.163" /><testcase classname="tests.test_bulk" name="test_pause_resume_mx_only" time="8.498" /><testcase classname="tests.test_validator" name="test_dedupe_collapses" time="0.309" /><testcase classname="tests.test_validator" name="test_no_dedupe" time="0.261" /><testcase classname="tests.test_validator" name="test_history_list_and_detail" time="0.565" /><testcase classname="tests.test_validator" name="test_delete_batch" time="0.964" /><testcase classname="tests.test_validator" name="test_delete_invalid_id" time="0.363" /><testcase classname="tests.test_validator" name="test_history_detail_invalid_id" time="0.214" /><testcase classname="tests.test_regression_iter4" name="test_quick_mixed_categorization" time="0.424" /><testcase classname="tests.test_regression_iter4" name="test_email_pass_combo_parsed" time="0.440" /><testcase classname="tests.test_regression_iter4" name="test_clear_all_history" time="1.154" /><testcase classname="tests.test_regression_iter4" name="test_history_isolation" time="0.980" /><testcase classname="tests.test_regression_iter4" name="test_jobs_isolation_and_download_client_id" time="2.452" /><testcase classname="tests.test_regression_iter4" name="test_proxy_isolation_direct_and_bogus" time="0.974" /><testcase classname="tests.test_bulk" name="test_cancel_job" time="2.852" /><testcase classname="tests.test_typo_fix" name="test_typo_gmial_is_invalid" time="0.309" /><testcase classname="tests.test_typo_fix" name="test_other_typo_domains_invalid" time="0.522" /><testcase classname="tests.test_typo_fix" name="test_correct_domain_still_deliverable" time="0.593" /><testcase classname="tests.test_typo_fix" name="test_regression_invalid_categories" time="0.316" /><testcase classname="tests.test_typo_fix" name="test_client_isolation" time="1.240" /><testcase classname="tests.test_bulk" name="test_download_csv_categories" time="0.875" /><testcase classname="tests.test_bulk" name="test_delete_job_removes_from_list" time="0.639" /><testcase classname="tests.test_bulk" name="test_proxy_crud" time="0.651" /><testcase classname="tests.test_bulk" name="test_direct_smtp_probe" time="0.190" /><testcase classname="tests.test_bulk" name="test_bogus_proxy_fails" time="0.977" /></testsuite></testsuites>