<?xml version="1.0" encoding="utf-8"?><testsuites name="pytest tests"><testsuite name="pytest" errors="0" failures="0" skipped="0" tests="10" time="3.345" timestamp="2026-09-14T04:40:46.737944+00:00" hostname="agent-env-8cd637b0-1c5f-4702-8c5a-58f3d4886bf9"><testcase classname="tests.test_validator" name="test_root" time="0.281" /><testcase classname="tests.test_validator" name="test_validate_mixed_categorization" time="0.195" /><testcase classname="tests.test_validator" name="test_validate_empty_list" time="0.144" /><testcase classname="tests.test_validator" name="test_validate_only_blank_lines" time="0.144" /><testcase classname="tests.test_validator" name="test_dedupe_collapses" time="0.117" /><testcase classname="tests.test_validator" name="test_no_dedupe" time="0.121" /><testcase classname="tests.test_validator" name="test_history_list_and_detail" time="0.382" /><testcase classname="tests.test_validator" name="test_delete_batch" time="0.385" /><testcase classname="tests.test_validator" name="test_delete_invalid_id" time="0.125" /><testcase classname="tests.test_validator" name="test_history_detail_invalid_id" time="0.897" /></testsuite></testsuites>