<?xml version="1.0" encoding="utf-8"?><testsuites name="pytest tests"><testsuite name="pytest" errors="0" failures="0" skipped="0" tests="5" time="2.449" timestamp="2026-09-14T10:19:08.650886+00:00" hostname="agent-env-8cd637b0-1c5f-4702-8c5a-58f3d4886bf9"><testcase classname="tests.test_typo_fix" name="test_typo_gmial_is_invalid" time="0.476" /><testcase classname="tests.test_typo_fix" name="test_other_typo_domains_invalid" time="0.299" /><testcase classname="tests.test_typo_fix" name="test_correct_domain_still_deliverable" time="0.301" /><testcase classname="tests.test_typo_fix" name="test_regression_invalid_categories" time="0.352" /><testcase classname="tests.test_typo_fix" name="test_client_isolation" time="0.561" /></testsuite></testsuites>