<?xml version="1.0" encoding="utf-8"?><testsuites name="pytest tests"><testsuite name="pytest" errors="0" failures="1" skipped="0" tests="19" time="16.869" timestamp="2026-09-14T05:24:17.790343+00:00" hostname="agent-env-8cd637b0-1c5f-4702-8c5a-58f3d4886bf9"><testcase classname="tests.test_bulk" name="test_quick_validate_still_works" time="0.149" /><testcase classname="tests.test_bulk" name="test_bulk_small_smtp_completes" time="0.885" /><testcase classname="tests.test_bulk" name="test_pause_resume_mx_only" time="7.288" /><testcase classname="tests.test_bulk" name="test_cancel_job" time="2.852" /><testcase classname="tests.test_bulk" name="test_download_csv_categories" time="0.570" /><testcase classname="tests.test_bulk" name="test_delete_job_removes_from_list" time="0.494" /><testcase classname="tests.test_bulk" name="test_proxy_crud" time="0.471" /><testcase classname="tests.test_bulk" name="test_direct_smtp_probe" time="0.261" /><testcase classname="tests.test_bulk" name="test_bogus_proxy_fails" time="0.150" /><testcase classname="tests.test_validator" name="test_root" time="0.122" /><testcase classname="tests.test_validator" name="test_validate_mixed_categorization" time="0.474"><failure message="AssertionError: assert 'mailbox_not_found' == 'deliverable'&#10;  &#10;  - deliverable&#10;  + mailbox_not_found">backend/tests/test_validator.py:47: in test_validate_mixed_categorization
    assert by_email["john.doe@gmail.com"]["status"] == "deliverable"
E   AssertionError: assert 'mailbox_not_found' == 'deliverable'
E     
E     - deliverable
E     + mailbox_not_found</failure></testcase><testcase classname="tests.test_validator" name="test_validate_empty_list" time="0.107" /><testcase classname="tests.test_validator" name="test_validate_only_blank_lines" time="0.112" /><testcase classname="tests.test_validator" name="test_dedupe_collapses" time="0.280" /><testcase classname="tests.test_validator" name="test_no_dedupe" time="0.245" /><testcase classname="tests.test_validator" name="test_history_list_and_detail" time="0.467" /><testcase classname="tests.test_validator" name="test_delete_batch" time="0.456" /><testcase classname="tests.test_validator" name="test_delete_invalid_id" time="0.116" /><testcase classname="tests.test_validator" name="test_history_detail_invalid_id" time="1.296" /></testsuite></testsuites>