<?xml version="1.0" encoding="utf-8"?><testsuites name="pytest tests"><testsuite name="pytest" errors="0" failures="2" skipped="0" tests="9" time="147.815" timestamp="2026-09-14T05:20:02.649996+00:00" hostname="agent-env-8cd637b0-1c5f-4702-8c5a-58f3d4886bf9"><testcase classname="tests.test_bulk" name="test_quick_validate_still_works" time="7.450" /><testcase classname="tests.test_bulk" name="test_bulk_small_smtp_completes" time="16.963" /><testcase classname="tests.test_bulk" name="test_pause_resume_mx_only" time="60.473"><failure message="AssertionError: Timeout waiting for {'running'}; last={'id': '6aa7841b8640aadbafee5fdf', 'name': 'TEST_pause_resume', 'status': 'completed', 'created_at': '2026-09-14T05:20:27.302303+00:00', 'updated_at': '2026-09-14T05:20:27.333534+00:00', 'smtp_check': False, 'dedupe': True, 'total': 3000, 'processed': 3000, 'percent': 100.0, 'rate': 173230.1, 'deliverable_count': 3000, 'invalid_count': 0, 'unknown_count': 0, 'catchall_count': 0, 'error': None}">backend/tests/test_bulk.py:99: in test_pause_resume_mx_only
    _wait_status(jid, {"running"}, timeout=60)
backend/tests/test_bulk.py:64: in _wait_status
    raise AssertionError(f"Timeout waiting for {statuses}; last={last}")
E   AssertionError: Timeout waiting for {'running'}; last={'id': '6aa7841b8640aadbafee5fdf', 'name': 'TEST_pause_resume', 'status': 'completed', 'created_at': '2026-09-14T05:20:27.302303+00:00', 'updated_at': '2026-09-14T05:20:27.333534+00:00', 'smtp_check': False, 'dedupe': True, 'total': 3000, 'processed': 3000, 'percent': 100.0, 'rate': 173230.1, 'deliverable_count': 3000, 'invalid_count': 0, 'unknown_count': 0, 'catchall_count': 0, 'error': None}</failure></testcase><testcase classname="tests.test_bulk" name="test_cancel_job" time="60.290"><failure message="AssertionError: Timeout waiting for {'running'}; last={'id': '6aa784578640aadbafee5fe2', 'name': 'TEST_cancel', 'status': 'completed', 'created_at': '2026-09-14T05:21:27.748855+00:00', 'updated_at': '2026-09-14T05:21:27.777619+00:00', 'smtp_check': False, 'dedupe': True, 'total': 3000, 'processed': 3000, 'percent': 100.0, 'rate': 184668.1, 'deliverable_count': 3000, 'invalid_count': 0, 'unknown_count': 0, 'catchall_count': 0, 'error': None}">backend/tests/test_bulk.py:127: in test_cancel_job
    _wait_status(jid, {"running"}, timeout=60)
backend/tests/test_bulk.py:64: in _wait_status
    raise AssertionError(f"Timeout waiting for {statuses}; last={last}")
E   AssertionError: Timeout waiting for {'running'}; last={'id': '6aa784578640aadbafee5fe2', 'name': 'TEST_cancel', 'status': 'completed', 'created_at': '2026-09-14T05:21:27.748855+00:00', 'updated_at': '2026-09-14T05:21:27.777619+00:00', 'smtp_check': False, 'dedupe': True, 'total': 3000, 'processed': 3000, 'percent': 100.0, 'rate': 184668.1, 'deliverable_count': 3000, 'invalid_count': 0, 'unknown_count': 0, 'catchall_count': 0, 'error': None}</failure></testcase><testcase classname="tests.test_bulk" name="test_download_csv_categories" time="0.655" /><testcase classname="tests.test_bulk" name="test_delete_job_removes_from_list" time="0.509" /><testcase classname="tests.test_bulk" name="test_proxy_crud" time="0.486" /><testcase classname="tests.test_bulk" name="test_direct_smtp_probe" time="0.199" /><testcase classname="tests.test_bulk" name="test_bogus_proxy_fails" time="0.694" /></testsuite></testsuites>